build/intermediates/manifest_merge_blame_file/debug/processDebugManifest/manifest-merger-blame-debug-report.txt
1<?xml version="1.0" encoding="utf-8"?>
2<manifest xmlns:android="http://schemas.android.com/apk/res/android"
3    package="com.danzig.crashreport" >
4
5    <uses-sdk android:minSdkVersion="24" />
6
7    <uses-permission android:name="android.permission.INTERNET" />
7-->src/main/AndroidManifest.xml:4:5-67
7-->src/main/AndroidManifest.xml:4:22-64
8    <uses-permission android:name="android.permission.ACCESS_NETWORK_STATE" />
8-->src/main/AndroidManifest.xml:5:5-79
8-->src/main/AndroidManifest.xml:5:22-76
9
10    <!--
11        WhatsApp share intent in CrashHandler launches com.whatsapp.
12        Android 11+ requires a package visibility declaration for queries/startActivity to work.
13    -->
14    <queries>
14-->src/main/AndroidManifest.xml:11:5-13:15
15        <package android:name="com.whatsapp" />
15-->src/main/AndroidManifest.xml:12:9-48
15-->src/main/AndroidManifest.xml:12:18-45
16    </queries>
17
18</manifest>